Determining if the pthread_create exist failed with the following output:
Change Dir: /home/ctnano/Desktop/Coding_Folder/OpenCV_Cmake_Basic_Example/build/CMakeFiles/CMakeTmp

Run Build Command:"/usr/bin/make" "cmTC_4476b/fast"
/usr/bin/make -f CMakeFiles/cmTC_4476b.dir/build.make CMakeFiles/cmTC_4476b.dir/build
make[1]: Entering directory '/home/ctnano/Desktop/Coding_Folder/OpenCV_Cmake_Basic_Example/build/CMakeFiles/CMakeTmp'
Building C object CMakeFiles/cmTC_4476b.dir/CheckSymbolExists.c.o
/usr/bin/cc   -fPIC    -o CMakeFiles/cmTC_4476b.dir/CheckSymbolExists.c.o   -c /home/ctnano/Desktop/Coding_Folder/OpenCV_Cmake_Basic_Example/build/CMakeFiles/CMakeTmp/CheckSymbolExists.c
Linking C executable cmTC_4476b
/usr/bin/cmake -E cmake_link_script CMakeFiles/cmTC_4476b.dir/link.txt --verbose=1
/usr/bin/cc -fPIC     -rdynamic CMakeFiles/cmTC_4476b.dir/CheckSymbolExists.c.o  -o cmTC_4476b 
CMakeFiles/cmTC_4476b.dir/CheckSymbolExists.c.o: In function `main':
CheckSymbolExists.c:(.text+0x14): undefined reference to `pthread_create'
CheckSymbolExists.c:(.text+0x18): undefined reference to `pthread_create'
collect2: error: ld returned 1 exit status
CMakeFiles/cmTC_4476b.dir/build.make:97: recipe for target 'cmTC_4476b' failed
make[1]: *** [cmTC_4476b] Error 1
make[1]: Leaving directory '/home/ctnano/Desktop/Coding_Folder/OpenCV_Cmake_Basic_Example/build/CMakeFiles/CMakeTmp'
Makefile:126: recipe for target 'cmTC_4476b/fast' failed
make: *** [cmTC_4476b/fast] Error 2

File /home/ctnano/Desktop/Coding_Folder/OpenCV_Cmake_Basic_Example/build/CMakeFiles/CMakeTmp/CheckSymbolExists.c:
/* */
#include <pthread.h>

int main(int argc, char** argv)
{
  (void)argv;
#ifndef pthread_create
  return ((int*)(&pthread_create))[argc];
#else
  (void)argc;
  return 0;
#endif
}

Determining if the function pthread_create exists in the pthreads failed with the following output:
Change Dir: /home/ctnano/Desktop/Coding_Folder/OpenCV_Cmake_Basic_Example/build/CMakeFiles/CMakeTmp

Run Build Command:"/usr/bin/make" "cmTC_ced40/fast"
/usr/bin/make -f CMakeFiles/cmTC_ced40.dir/build.make CMakeFiles/cmTC_ced40.dir/build
make[1]: Entering directory '/home/ctnano/Desktop/Coding_Folder/OpenCV_Cmake_Basic_Example/build/CMakeFiles/CMakeTmp'
Building C object CMakeFiles/cmTC_ced40.dir/CheckFunctionExists.c.o
/usr/bin/cc   -fPIC -DCHECK_FUNCTION_EXISTS=pthread_create   -o CMakeFiles/cmTC_ced40.dir/CheckFunctionExists.c.o   -c /usr/share/cmake-3.10/Modules/CheckFunctionExists.c
Linking C executable cmTC_ced40
/usr/bin/cmake -E cmake_link_script CMakeFiles/cmTC_ced40.dir/link.txt --verbose=1
/usr/bin/cc -fPIC -DCHECK_FUNCTION_EXISTS=pthread_create    -rdynamic CMakeFiles/cmTC_ced40.dir/CheckFunctionExists.c.o  -o cmTC_ced40 -lpthreads 
/usr/bin/ld: cannot find -lpthreads
collect2: error: ld returned 1 exit status
CMakeFiles/cmTC_ced40.dir/build.make:97: recipe for target 'cmTC_ced40' failed
make[1]: *** [cmTC_ced40] Error 1
make[1]: Leaving directory '/home/ctnano/Desktop/Coding_Folder/OpenCV_Cmake_Basic_Example/build/CMakeFiles/CMakeTmp'
Makefile:126: recipe for target 'cmTC_ced40/fast' failed
make: *** [cmTC_ced40/fast] Error 2


